2022-04-07 19:19:01 [scrapy.extensions.telnet] INFO: Telnet Password: 88e0c167194d1da0
2022-04-07 19:19:01 [scrapy.middleware] INFO: Enabled extensions:
['scrapy.extensions.corestats.CoreStats',
 'scrapy.extensions.telnet.TelnetConsole',
 'scrapy.extensions.memusage.MemoryUsage',
 'scrapy.extensions.logstats.LogStats']
2022-04-07 19:19:01 [scrapy.middleware] INFO: Enabled downloader middlewares:
['scrapy.downloadermiddlewares.retry.RetryMiddleware',
 'scrapy.downloadermiddlewares.httpauth.HttpAuthMiddleware',
 'scrapy.downloadermiddlewares.downloadtimeout.DownloadTimeoutMiddleware',
 'scrapy.downloadermiddlewares.defaultheaders.DefaultHeadersMiddleware',
 'scrapy.downloadermiddlewares.useragent.UserAgentMiddleware',
 'scrapy.downloadermiddlewares.redirect.MetaRefreshMiddleware',
 'scrapy.downloadermiddlewares.httpcompression.HttpCompressionMiddleware',
 'scrapy.downloadermiddlewares.redirect.RedirectMiddleware',
 'scrapy.downloadermiddlewares.cookies.CookiesMiddleware',
 'scrapy.downloadermiddlewares.httpproxy.HttpProxyMiddleware',
 'scrapy.downloadermiddlewares.stats.DownloaderStats']
2022-04-07 19:19:01 [scrapy.middleware] INFO: Enabled spider middlewares:
['scrapy.spidermiddlewares.httperror.HttpErrorMiddleware',
 'scrapy.spidermiddlewares.offsite.OffsiteMiddleware',
 'scrapy.spidermiddlewares.referer.RefererMiddleware',
 'scrapy.spidermiddlewares.urllength.UrlLengthMiddleware',
 'scrapy.spidermiddlewares.depth.DepthMiddleware']
2022-04-07 19:19:05 [py.warnings] WARNING: /usr/local/lib/python3.7/dist-packages/scrapy/pipelines/media.py:135: ScrapyDeprecationWarning: file_path(self, request, response=None, info=None) is deprecated, please use file_path(self, request, response=None, info=None, *, item=None)
  self._check_signature(func)

2022-04-07 19:19:05 [scrapy.middleware] INFO: Enabled item pipelines:
['scrapers.pipelines.CustomImagesPipeline',
 'scrapers.pipelines.ProcessingPipeline']
2022-04-07 19:19:05 [scrapy.core.engine] INFO: Spider opened
2022-04-07 19:19:07 [scrapy.extensions.logstats] INFO: Crawled 0 pages (at 0 pages/min), scraped 0 items (at 0 items/min)
2022-04-07 19:19:07 [scrapy.extensions.telnet] INFO: Telnet console listening on 127.0.0.1:6023
2022-04-07 19:19:09 [elasticsearch] INFO: POST http://image_search_elastic:9200/images/_count [status:200 request:0.053s]
2022-04-07 19:19:10 [elasticsearch] INFO: HEAD http://image_search_elastic:9200/images [status:200 request:0.007s]
2022-04-07 19:19:10 [elasticsearch] INFO: PUT http://image_search_elastic:9200/images/_doc/1649359150557608000?refresh=false [status:201 request:0.035s]
2022-04-07 19:19:10 [elasticsearch] INFO: POST http://image_search_elastic:9200/images/_count [status:200 request:0.010s]
2022-04-07 19:19:11 [elasticsearch] INFO: POST http://image_search_elastic:9200/images/_count [status:200 request:0.008s]
2022-04-07 19:19:12 [elasticsearch] INFO: HEAD http://image_search_elastic:9200/images [status:200 request:0.004s]
2022-04-07 19:19:12 [elasticsearch] INFO: PUT http://image_search_elastic:9200/images/_doc/1649359152066901000?refresh=false [status:201 request:0.018s]
2022-04-07 19:19:12 [elasticsearch] INFO: POST http://image_search_elastic:9200/images/_count [status:200 request:0.016s]
2022-04-07 19:19:13 [elasticsearch] INFO: HEAD http://image_search_elastic:9200/images [status:200 request:0.004s]
2022-04-07 19:19:13 [elasticsearch] INFO: PUT http://image_search_elastic:9200/images/_doc/1649359153115734000?refresh=false [status:201 request:0.016s]
2022-04-07 19:19:13 [elasticsearch] INFO: POST http://image_search_elastic:9200/images/_count [status:200 request:0.009s]
2022-04-07 19:19:13 [elasticsearch] INFO: HEAD http://image_search_elastic:9200/images [status:200 request:0.004s]
2022-04-07 19:19:13 [elasticsearch] INFO: PUT http://image_search_elastic:9200/images/_doc/1649359153929976000?refresh=false [status:201 request:0.014s]
2022-04-07 19:19:13 [elasticsearch] INFO: POST http://image_search_elastic:9200/images/_count [status:200 request:0.018s]
2022-04-07 19:19:14 [elasticsearch] INFO: HEAD http://image_search_elastic:9200/images [status:200 request:0.004s]
2022-04-07 19:19:14 [elasticsearch] INFO: PUT http://image_search_elastic:9200/images/_doc/1649359154600894000?refresh=false [status:201 request:0.024s]
2022-04-07 19:19:14 [elasticsearch] INFO: POST http://image_search_elastic:9200/images/_count [status:200 request:0.010s]
2022-04-07 19:19:15 [elasticsearch] INFO: HEAD http://image_search_elastic:9200/images [status:200 request:0.005s]
2022-04-07 19:19:15 [elasticsearch] INFO: PUT http://image_search_elastic:9200/images/_doc/1649359155211369000?refresh=false [status:201 request:0.015s]
2022-04-07 19:19:15 [elasticsearch] INFO: POST http://image_search_elastic:9200/images/_count [status:200 request:0.010s]
2022-04-07 19:19:15 [elasticsearch] INFO: POST http://image_search_elastic:9200/images/_count [status:200 request:0.008s]
2022-04-07 19:19:16 [elasticsearch] INFO: HEAD http://image_search_elastic:9200/images [status:200 request:0.004s]
2022-04-07 19:19:16 [elasticsearch] INFO: PUT http://image_search_elastic:9200/images/_doc/1649359156298020000?refresh=false [status:201 request:0.019s]
2022-04-07 19:19:17 [elasticsearch] INFO: HEAD http://image_search_elastic:9200/images [status:200 request:0.004s]
2022-04-07 19:19:17 [elasticsearch] INFO: PUT http://image_search_elastic:9200/images/_doc/1649359157140357000?refresh=false [status:201 request:0.014s]
2022-04-07 19:19:17 [elasticsearch] INFO: HEAD http://image_search_elastic:9200/images [status:200 request:0.004s]
2022-04-07 19:19:17 [elasticsearch] INFO: PUT http://image_search_elastic:9200/images/_doc/1649359157503651000?refresh=false [status:201 request:0.020s]
2022-04-07 19:19:17 [elasticsearch] INFO: POST http://image_search_elastic:9200/images/_count [status:200 request:0.018s]
2022-04-07 19:19:17 [elasticsearch] INFO: POST http://image_search_elastic:9200/images/_count [status:200 request:0.008s]
2022-04-07 19:19:18 [elasticsearch] INFO: POST http://image_search_elastic:9200/images/_count [status:200 request:0.013s]
2022-04-07 19:19:19 [elasticsearch] INFO: HEAD http://image_search_elastic:9200/images [status:200 request:0.004s]
2022-04-07 19:19:19 [elasticsearch] INFO: PUT http://image_search_elastic:9200/images/_doc/1649359159173609000?refresh=false [status:201 request:0.012s]
2022-04-07 19:19:19 [elasticsearch] INFO: HEAD http://image_search_elastic:9200/images [status:200 request:0.004s]
2022-04-07 19:19:19 [elasticsearch] INFO: PUT http://image_search_elastic:9200/images/_doc/1649359159891926000?refresh=false [status:201 request:0.013s]
2022-04-07 19:19:19 [elasticsearch] INFO: POST http://image_search_elastic:9200/images/_count [status:200 request:0.010s]
2022-04-07 19:19:20 [elasticsearch] INFO: HEAD http://image_search_elastic:9200/images [status:200 request:0.004s]
2022-04-07 19:19:20 [elasticsearch] INFO: PUT http://image_search_elastic:9200/images/_doc/1649359160778752000?refresh=false [status:201 request:0.015s]
2022-04-07 19:19:20 [elasticsearch] INFO: POST http://image_search_elastic:9200/images/_count [status:200 request:0.007s]
2022-04-07 19:19:21 [elasticsearch] INFO: POST http://image_search_elastic:9200/images/_count [status:200 request:0.008s]
2022-04-07 19:19:21 [elasticsearch] INFO: HEAD http://image_search_elastic:9200/images [status:200 request:0.004s]
2022-04-07 19:19:21 [elasticsearch] INFO: PUT http://image_search_elastic:9200/images/_doc/1649359161939282000?refresh=false [status:201 request:0.032s]
2022-04-07 19:19:22 [elasticsearch] INFO: POST http://image_search_elastic:9200/images/_count [status:200 request:0.008s]
2022-04-07 19:19:22 [elasticsearch] INFO: HEAD http://image_search_elastic:9200/images [status:200 request:0.004s]
2022-04-07 19:19:23 [elasticsearch] INFO: PUT http://image_search_elastic:9200/images/_doc/1649359162993225000?refresh=false [status:201 request:0.014s]
2022-04-07 19:19:23 [elasticsearch] INFO: POST http://image_search_elastic:9200/images/_count [status:200 request:0.011s]
2022-04-07 19:19:23 [elasticsearch] INFO: HEAD http://image_search_elastic:9200/images [status:200 request:0.004s]
2022-04-07 19:19:23 [elasticsearch] INFO: PUT http://image_search_elastic:9200/images/_doc/1649359163668288000?refresh=false [status:201 request:0.038s]
2022-04-07 19:19:23 [elasticsearch] INFO: POST http://image_search_elastic:9200/images/_count [status:200 request:0.008s]
2022-04-07 19:19:24 [elasticsearch] INFO: POST http://image_search_elastic:9200/images/_count [status:200 request:0.009s]
2022-04-07 19:19:24 [elasticsearch] INFO: HEAD http://image_search_elastic:9200/images [status:200 request:0.004s]
2022-04-07 19:19:24 [elasticsearch] INFO: PUT http://image_search_elastic:9200/images/_doc/1649359164883808000?refresh=false [status:201 request:0.012s]
2022-04-07 19:19:25 [elasticsearch] INFO: HEAD http://image_search_elastic:9200/images [status:200 request:0.007s]
2022-04-07 19:19:25 [elasticsearch] INFO: PUT http://image_search_elastic:9200/images/_doc/1649359165731702000?refresh=false [status:201 request:0.013s]
2022-04-07 19:19:26 [elasticsearch] INFO: HEAD http://image_search_elastic:9200/images [status:200 request:0.003s]
2022-04-07 19:19:26 [elasticsearch] INFO: PUT http://image_search_elastic:9200/images/_doc/1649359166096815000?refresh=false [status:201 request:0.009s]
2022-04-07 19:19:26 [elasticsearch] INFO: POST http://image_search_elastic:9200/images/_count [status:200 request:0.010s]
2022-04-07 19:19:27 [elasticsearch] INFO: HEAD http://image_search_elastic:9200/images [status:200 request:0.004s]
2022-04-07 19:19:27 [elasticsearch] INFO: PUT http://image_search_elastic:9200/images/_doc/1649359167133182000?refresh=false [status:201 request:0.012s]
2022-04-07 19:19:27 [elasticsearch] INFO: POST http://image_search_elastic:9200/images/_count [status:200 request:0.009s]
2022-04-07 19:19:28 [scrapy.crawler] INFO: Received SIGTERM, shutting down gracefully. Send again to force 
2022-04-07 19:19:28 [elasticsearch] INFO: HEAD http://image_search_elastic:9200/images [status:200 request:0.005s]
2022-04-07 19:19:28 [elasticsearch] INFO: PUT http://image_search_elastic:9200/images/_doc/1649359168228551000?refresh=false [status:201 request:0.020s]
2022-04-07 19:19:28 [scrapy.core.engine] INFO: Closing spider (shutdown)
2022-04-07 19:19:28 [elasticsearch] INFO: POST http://image_search_elastic:9200/images/_count [status:200 request:0.010s]
2022-04-07 19:19:29 [elasticsearch] INFO: HEAD http://image_search_elastic:9200/images [status:200 request:0.006s]
2022-04-07 19:19:29 [elasticsearch] INFO: PUT http://image_search_elastic:9200/images/_doc/1649359169509582000?refresh=false [status:201 request:0.037s]
2022-04-07 19:19:29 [scrapy.statscollectors] INFO: Dumping Scrapy stats:
{'downloader/request_bytes': 17235,
 'downloader/request_count': 44,
 'downloader/request_method_count/GET': 44,
 'downloader/response_bytes': 8563908,
 'downloader/response_count': 44,
 'downloader/response_status_count/200': 44,
 'elapsed_time_seconds': 21.704566,
 'file_count': 21,
 'file_status_count/downloaded': 21,
 'finish_reason': 'shutdown',
 'finish_time': datetime.datetime(2022, 4, 7, 19, 19, 29, 578456),
 'httpcompression/response_bytes': 979561,
 'httpcompression/response_count': 23,
 'item_scraped_count': 21,
 'log_count/INFO': 75,
 'log_count/WARNING': 1,
 'memusage/max': 351371264,
 'memusage/startup': 351371264,
 'request_depth_max': 23,
 'response_received_count': 44,
 'scheduler/dequeued': 23,
 'scheduler/dequeued/memory': 23,
 'scheduler/enqueued': 24,
 'scheduler/enqueued/memory': 24,
 'start_time': datetime.datetime(2022, 4, 7, 19, 19, 7, 873890)}
2022-04-07 19:19:29 [scrapy.core.engine] INFO: Spider closed (shutdown)
2022-04-07 19:19:29 [scrapy.core.engine] INFO: Error while scheduling new request
Traceback (most recent call last):
  File "/usr/local/lib/python3.7/dist-packages/twisted/internet/task.py", line 526, in _oneWorkUnit
    result = next(self._iterator)
StopIteration

During handling of the above exception, another exception occurred:

Traceback (most recent call last):
  File "/usr/local/lib/python3.7/dist-packages/twisted/internet/defer.py", line 858, in _runCallbacks
    current.result, *args, **kwargs
  File "/usr/local/lib/python3.7/dist-packages/scrapy/core/engine.py", line 187, in <lambda>
    d.addBoth(lambda _: self.slot.nextcall.schedule())
AttributeError: 'NoneType' object has no attribute 'nextcall'
